<?xml version="1.0" encoding="UTF-8"?>
<testng-results ignored="0" total="2" passed="2" failed="0" skipped="0">
  <reporter-output>
  </reporter-output>
  <suite started-at="2022-08-10T16:56:01 MESZ" name="Default suite" finished-at="2022-08-10T16:56:18 MESZ" duration-ms="16619">
    <groups>
    </groups>
    <test started-at="2022-08-10T16:56:01 MESZ" name="Default test" finished-at="2022-08-10T16:56:18 MESZ" duration-ms="16619">
      <class name="com.nhatanh.test01.ClickDocTest">
        <test-method is-config="true" signature="testSetup()[pri:0, instance:com.nhatanh.test01.ClickDocTest@5f058f00]" started-at="2022-08-10T16:56:01 MESZ" name="testSetup" finished-at="2022-08-10T16:56:04 MESZ" duration-ms="3366" status="PASS">
          <reporter-output>
          </reporter-output>
        </test-method> <!-- testSetup -->
        <test-method signature="userAnmelden()[pri:0, instance:com.nhatanh.test01.ClickDocTest@5f058f00]" started-at="2022-08-10T16:56:04 MESZ" name="userAnmelden" finished-at="2022-08-10T16:56:12 MESZ" duration-ms="7943" status="PASS">
          <reporter-output>
          </reporter-output>
        </test-method> <!-- userAnmelden -->
        <test-method signature="count_E_Rezepte()[pri:1, instance:com.nhatanh.test01.ClickDocTest@5f058f00]" started-at="2022-08-10T16:56:12 MESZ" name="count_E_Rezepte" finished-at="2022-08-10T16:56:17 MESZ" duration-ms="5098" status="PASS">
          <reporter-output>
          </reporter-output>
        </test-method> <!-- count_E_Rezepte -->
        <test-method is-config="true" signature="tearDown()[pri:0, instance:com.nhatanh.test01.ClickDocTest@5f058f00]" started-at="2022-08-10T16:56:17 MESZ" name="tearDown" finished-at="2022-08-10T16:56:18 MESZ" duration-ms="180" status="PASS">
          <reporter-output>
          </reporter-output>
        </test-method> <!-- tearDown -->
      </class> <!-- com.nhatanh.test01.ClickDocTest -->
    </test> <!-- Default test -->
  </suite> <!-- Default suite -->
</testng-results>
